2021-10-22 09:52:11,063 : INFO : iGEM_login : Already logged in.
2021-10-22 09:52:11,064 : ERROR : cache_files : .DS_Store has an unsupported file extension. Skipping.
2021-10-22 09:52:11,064 : ERROR : cache_files : upload.py has an unsupported file extension. Skipping.
2021-10-22 09:52:11,064 : ERROR : cache_files : wikisync.log has an unsupported file extension. Skipping.
2021-10-22 09:52:11,064 : ERROR : cache_files : wikisync.cookies has an unsupported file extension. Skipping.
2021-10-22 09:52:11,065 : ERROR : cache_files : README.md has an unsupported file extension. Skipping.
2021-10-22 09:52:11,065 : ERROR : cache_files : upload_map.yml has an unsupported file extension. Skipping.
2021-10-22 09:52:11,065 : ERROR : cache_files : css/bootstrap.min.css.map has an unsupported file extension. Skipping.
2021-10-22 09:52:11,066 : ERROR : cache_files : .wikisync_temp/assets/T--CUHKSZ--image1.png is an png file outside the "assets" folder. Skipping.
2021-10-22 09:52:11,067 : ERROR : cache_files : .wikisync_temp/assets/T--CUHKSZ--image3.png is an png file outside the "assets" folder. Skipping.
2021-10-22 09:52:11,067 : ERROR : cache_files : .wikisync_temp/assets/T--CUHKSZ--image5.png is an png file outside the "assets" folder. Skipping.
2021-10-22 09:52:11,067 : ERROR : cache_files : .wikisync_temp/assets/T--CUHKSZ--image11.jpg is an jpg file outside the "assets" folder. Skipping.
2021-10-22 09:52:11,067 : ERROR : cache_files : .wikisync_temp/assets/T--CUHKSZ--image28.png is an png file outside the "assets" folder. Skipping.
2021-10-22 09:52:11,067 : ERROR : cache_files : .wikisync_temp/assets/T--CUHKSZ--video.mp4 is an mp4 file outside the "assets" folder. Skipping.
2021-10-22 09:52:11,067 : ERROR : cache_files : .wikisync_temp/assets/T--CUHKSZ--poster.png is an png file outside the "assets" folder. Skipping.
2021-10-22 09:52:11,069 : ERROR : cache_files : .git/config has an unsupported file extension. Skipping.
2021-10-22 09:52:11,069 : ERROR : cache_files : .git/HEAD has an unsupported file extension. Skipping.
2021-10-22 09:52:11,069 : ERROR : cache_files : .git/description has an unsupported file extension. Skipping.
2021-10-22 09:52:11,069 : ERROR : cache_files : .git/index has an unsupported file extension. Skipping.
2021-10-22 09:52:11,069 : ERROR : cache_files : .git/packed-refs has an unsupported file extension. Skipping.
2021-10-22 09:52:11,069 : ERROR : cache_files : .git/COMMIT_EDITMSG has an unsupported file extension. Skipping.
2021-10-22 09:52:11,070 : ERROR : cache_files : .git/FETCH_HEAD has an unsupported file extension. Skipping.
2021-10-22 09:52:11,070 : ERROR : cache_files : .git/objects/61/ab83f84f24f15bc5a200cb6d20ec2031fd205d has an unsupported file extension. Skipping.
2021-10-22 09:52:11,070 : ERROR : cache_files : .git/objects/61/bef4dc558b604245db382a0f9f707d71876a74 has an unsupported file extension. Skipping.
2021-10-22 09:52:11,071 : ERROR : cache_files : .git/objects/0d/7470006cd9d82d7f00cf71520bbaa874c4a1e0 has an unsupported file extension. Skipping.
2021-10-22 09:52:11,071 : ERROR : cache_files : .git/objects/66/aeb14339dcdff0fa05fa92cf67ed2dc164ac27 has an unsupported file extension. Skipping.
2021-10-22 09:52:11,071 : ERROR : cache_files : .git/objects/3e/74c909998e96777310bb6c33530c4f2b07e446 has an unsupported file extension. Skipping.
2021-10-22 09:52:11,072 : ERROR : cache_files : .git/objects/3e/93de0a6dfed3d8056310900afa249cb7ce2463 has an unsupported file extension. Skipping.
2021-10-22 09:52:11,072 : ERROR : cache_files : .git/objects/3e/4392a14084238020c201f5a9a3e8199c2e6fbb has an unsupported file extension. Skipping.
2021-10-22 09:52:11,072 : ERROR : cache_files : .git/objects/50/08ddfcf53c02e82d7eee2e57c38e5672ef89f6 has an unsupported file extension. Skipping.
2021-10-22 09:52:11,072 : ERROR : cache_files : .git/objects/68/2a5a8d6472f51a7e90c5ce906ff97a9d5da8e8 has an unsupported file extension. Skipping.
2021-10-22 09:52:11,072 : ERROR : cache_files : .git/objects/68/95bdff42882ebf6cd7735b0f88b8b50b985493 has an unsupported file extension. Skipping.
2021-10-22 09:52:11,072 : ERROR : cache_files : .git/objects/3b/94133c08ae147d39a465841e2c78170b28d793 has an unsupported file extension. Skipping.
2021-10-22 09:52:11,072 : ERROR : cache_files : .git/objects/3b/629d2fdaa57b852110ba656fb5c68bdbf65433 has an unsupported file extension. Skipping.
2021-10-22 09:52:11,072 : ERROR : cache_files : .git/objects/6f/66d2e6c9e65d9b736ed8db6ed9e2148dac3430 has an unsupported file extension. Skipping.
2021-10-22 09:52:11,073 : ERROR : cache_files : .git/objects/6f/3a2913e199cebe9ace75cf7e5a2818da27fbd3 has an unsupported file extension. Skipping.
2021-10-22 09:52:11,073 : ERROR : cache_files : .git/objects/9b/cd2fccaed9442f1460191d6670ca5e8e08520c has an unsupported file extension. Skipping.
2021-10-22 09:52:11,073 : ERROR : cache_files : .git/objects/9e/a48c38bed20035279fa53c7c2e7fa2a5c252f2 has an unsupported file extension. Skipping.
2021-10-22 09:52:11,073 : ERROR : cache_files : .git/objects/9e/924b11180539796462061244e71dba3c9e0e04 has an unsupported file extension. Skipping.
2021-10-22 09:52:11,073 : ERROR : cache_files : .git/objects/32/ca10f3d7b86de9d263ca9eb302b3abfd074f00 has an unsupported file extension. Skipping.
2021-10-22 09:52:11,073 : ERROR : cache_files : .git/objects/58/d243e2534b374a89264657f3e27c9c96a33dbe has an unsupported file extension. Skipping.
2021-10-22 09:52:11,073 : ERROR : cache_files : .git/objects/67/b1aa532ab2edca7d22b1197b95b078f5bbc9f4 has an unsupported file extension. Skipping.
2021-10-22 09:52:11,073 : ERROR : cache_files : .git/objects/0e/89f243cddb5d32b41b94b3ba459e3f2e26f0f5 has an unsupported file extension. Skipping.
2021-10-22 09:52:11,074 : ERROR : cache_files : .git/objects/60/abf8956157bbba768216b7fbd37785ac479f7c has an unsupported file extension. Skipping.
2021-10-22 09:52:11,074 : ERROR : cache_files : .git/objects/60/3a2fc46f2ca9a44c2a0f54b8aa3b9a4b7e9e2b has an unsupported file extension. Skipping.
2021-10-22 09:52:11,074 : ERROR : cache_files : .git/objects/5a/3b265999d73b3d7cef5ad595d19b0f55df48c5 has an unsupported file extension. Skipping.
2021-10-22 09:52:11,074 : ERROR : cache_files : .git/objects/02/36485ee3bc01d0da34e669d25df90f5b4cbc31 has an unsupported file extension. Skipping.
2021-10-22 09:52:11,074 : ERROR : cache_files : .git/objects/a4/a3d2c7fc321e3da5c14eedf24207e6170dce60 has an unsupported file extension. Skipping.
2021-10-22 09:52:11,074 : ERROR : cache_files : .git/objects/b5/c39458d09e0d5ffd23ee1ac8954cd218e7a9db has an unsupported file extension. Skipping.
2021-10-22 09:52:11,074 : ERROR : cache_files : .git/objects/b5/dacf90c01700bd7abda0b51cfd98fd1ed4db12 has an unsupported file extension. Skipping.
2021-10-22 09:52:11,074 : ERROR : cache_files : .git/objects/b5/8bd5bcd8e2db96887b8aa20fabf9851c6fcbb8 has an unsupported file extension. Skipping.
2021-10-22 09:52:11,075 : ERROR : cache_files : .git/objects/ad/e33445f13855a245c79c40fb0f11674023bb99 has an unsupported file extension. Skipping.
2021-10-22 09:52:11,075 : ERROR : cache_files : .git/objects/ad/008b5e6ac6adedc4dda904921c0f7999d83dd4 has an unsupported file extension. Skipping.
2021-10-22 09:52:11,075 : ERROR : cache_files : .git/objects/d0/8243bd821eaf17cee0fb4775315c75f9a04d8c has an unsupported file extension. Skipping.
2021-10-22 09:52:11,075 : ERROR : cache_files : .git/objects/b3/22252c0cedfa9f9b4de7d86c4c91b93c35f97f has an unsupported file extension. Skipping.
2021-10-22 09:52:11,075 : ERROR : cache_files : .git/objects/df/179516b01ddf0723e53ca6a7ac7852022317fd has an unsupported file extension. Skipping.
2021-10-22 09:52:11,075 : ERROR : cache_files : .git/objects/df/0a21cf5c943a4c99d475249fc421d09f7c945a has an unsupported file extension. Skipping.
2021-10-22 09:52:11,075 : ERROR : cache_files : .git/objects/b4/d223b5a63e64bb95a871a3b1e133ba49e6946b has an unsupported file extension. Skipping.
2021-10-22 09:52:11,076 : ERROR : cache_files : .git/objects/a2/fc66422578b4d243965a1817ca1181f297dffd has an unsupported file extension. Skipping.
2021-10-22 09:52:11,076 : ERROR : cache_files : .git/objects/d1/b4c39e599e65032c959ca88831b111b54f514f has an unsupported file extension. Skipping.
2021-10-22 09:52:11,076 : ERROR : cache_files : .git/objects/d6/59c76d1ff602e328a5ebf29df1d638360e68a8 has an unsupported file extension. Skipping.
2021-10-22 09:52:11,076 : ERROR : cache_files : .git/objects/d6/e01eb47966e1cc0d192c87ac31ad773107c604 has an unsupported file extension. Skipping.
2021-10-22 09:52:11,076 : ERROR : cache_files : .git/objects/d6/85ade24ccf1d075dc779621a6b3c98e3be17ed has an unsupported file extension. Skipping.
2021-10-22 09:52:11,076 : ERROR : cache_files : .git/objects/ae/a1cf9f9a9e3d6fb83f31e5dce22cbf3c064254 has an unsupported file extension. Skipping.
2021-10-22 09:52:11,076 : ERROR : cache_files : .git/objects/ae/011e2fce08b626d6f04036a3e7944e992151f3 has an unsupported file extension. Skipping.
2021-10-22 09:52:11,077 : ERROR : cache_files : .git/objects/e5/b493cc378bd9d1a863139ecf84621d7ce6af1b has an unsupported file extension. Skipping.
2021-10-22 09:52:11,077 : ERROR : cache_files : .git/objects/f3/f32477c7d0d335f849d3801e787e12343ea8ae has an unsupported file extension. Skipping.
2021-10-22 09:52:11,077 : ERROR : cache_files : .git/objects/eb/d2887d6fcca198a2a6797cfaba5b73ebaa45b5 has an unsupported file extension. Skipping.
2021-10-22 09:52:11,077 : ERROR : cache_files : .git/objects/ee/9138fb9244d6343251f5af3f3b74492475e136 has an unsupported file extension. Skipping.
2021-10-22 09:52:11,078 : ERROR : cache_files : .git/objects/c9/653404f2c170eb1b443fef96edf246df803e45 has an unsupported file extension. Skipping.
2021-10-22 09:52:11,078 : ERROR : cache_files : .git/objects/cf/c3dbd9dbc1d05274d0fc02c31c993be25f2211 has an unsupported file extension. Skipping.
2021-10-22 09:52:11,078 : ERROR : cache_files : .git/objects/ca/990734b98d10c71f81fcc2216fd3126302ce72 has an unsupported file extension. Skipping.
2021-10-22 09:52:11,078 : ERROR : cache_files : .git/objects/ca/01c3f423c4a37080c472d4a0618174a9775889 has an unsupported file extension. Skipping.
2021-10-22 09:52:11,078 : ERROR : cache_files : .git/objects/fe/a14d26e4fd5dee54557918cb307131deb09ad0 has an unsupported file extension. Skipping.
2021-10-22 09:52:11,078 : ERROR : cache_files : .git/objects/fe/3a83e8214d30d4047356f5735006c24844c72c has an unsupported file extension. Skipping.
2021-10-22 09:52:11,078 : ERROR : cache_files : .git/objects/fb/593f1b48b2aabef5a184695397c822441329df has an unsupported file extension. Skipping.
2021-10-22 09:52:11,078 : ERROR : cache_files : .git/objects/fb/a8e2ab0cc027dd8ce77e783cad77ca9c657d81 has an unsupported file extension. Skipping.
2021-10-22 09:52:11,079 : ERROR : cache_files : .git/objects/ed/e5d2b2321e157405d339f9360e959a91a14a50 has an unsupported file extension. Skipping.
2021-10-22 09:52:11,079 : ERROR : cache_files : .git/objects/c1/940d467e317baed6ee5cc8f5fc988a1230ad79 has an unsupported file extension. Skipping.
2021-10-22 09:52:11,079 : ERROR : cache_files : .git/objects/ec/bc761ef8cbce6bed98c0d4abb01f6dac5c471e has an unsupported file extension. Skipping.
2021-10-22 09:52:11,079 : ERROR : cache_files : .git/objects/ec/8945262ca2da57e3070603c0764088f7c657a2 has an unsupported file extension. Skipping.
2021-10-22 09:52:11,079 : ERROR : cache_files : .git/objects/4e/2ee2552c826092242e0b40ce782b4377226913 has an unsupported file extension. Skipping.
2021-10-22 09:52:11,079 : ERROR : cache_files : .git/objects/4e/a9c20e286631e6e4a6c6c8d27c9f9082a0a70f has an unsupported file extension. Skipping.
2021-10-22 09:52:11,079 : ERROR : cache_files : .git/objects/4e/4cbb2c60f8986d600b9e48e9d2b6d036dad16b has an unsupported file extension. Skipping.
2021-10-22 09:52:11,079 : ERROR : cache_files : .git/objects/20/a32fd240e7a711eb6d7067709d11827f20f7f8 has an unsupported file extension. Skipping.
2021-10-22 09:52:11,079 : ERROR : cache_files : .git/objects/20/c4cc8be5baade8f6b828285ede388d151d4b7c has an unsupported file extension. Skipping.
2021-10-22 09:52:11,080 : ERROR : cache_files : .git/objects/18/fba9603f8910e1cf21861db3c2a77525076736 has an unsupported file extension. Skipping.
2021-10-22 09:52:11,080 : ERROR : cache_files : .git/objects/27/5374b9cd633fe2b4b19592efd4efe03ba13a32 has an unsupported file extension. Skipping.
2021-10-22 09:52:11,080 : ERROR : cache_files : .git/objects/4b/003256919c81af00e1fce495727af4be3fbf17 has an unsupported file extension. Skipping.
2021-10-22 09:52:11,080 : ERROR : cache_files : .git/objects/11/aaa78bf1315694e6e177e102d70142d186691c has an unsupported file extension. Skipping.
2021-10-22 09:52:11,080 : ERROR : cache_files : .git/objects/7d/2dcde37c2d0e1cb83479bbedd1402fae164e47 has an unsupported file extension. Skipping.
2021-10-22 09:52:11,080 : ERROR : cache_files : .git/objects/89/b76a1262ea44004f038d368bb27f3663a8ae2e has an unsupported file extension. Skipping.
2021-10-22 09:52:11,080 : ERROR : cache_files : .git/objects/89/ad41031c1503b5e68745ac18d7d0b4e6de2d16 has an unsupported file extension. Skipping.
2021-10-22 09:52:11,081 : ERROR : cache_files : .git/objects/45/76a8c1d4467a0683a9af35f2d3f40e1046ceeb has an unsupported file extension. Skipping.
2021-10-22 09:52:11,081 : ERROR : cache_files : .git/objects/73/e6e92c6b4ad4f97c9e8c2046e9fcd11a3a6aa3 has an unsupported file extension. Skipping.
2021-10-22 09:52:11,081 : ERROR : cache_files : .git/objects/80/97679e925077902a4fa7708d4903daeef98bbb has an unsupported file extension. Skipping.
2021-10-22 09:52:11,081 : ERROR : cache_files : .git/objects/80/ac4cbee296ea2b39fcb552332894af0e5cdee6 has an unsupported file extension. Skipping.
2021-10-22 09:52:11,081 : ERROR : cache_files : .git/objects/80/f0c21d23b17f302cdc71fd20eae822dc67a4bd has an unsupported file extension. Skipping.
2021-10-22 09:52:11,081 : ERROR : cache_files : .git/objects/28/8766aea71150dbc22fbb3cbfe2c71e5a5d0892 has an unsupported file extension. Skipping.
2021-10-22 09:52:11,081 : ERROR : cache_files : .git/objects/28/8f264db589fb2bea4d46c0267c8fcee9792cdc has an unsupported file extension. Skipping.
2021-10-22 09:52:11,081 : ERROR : cache_files : .git/objects/28/66b9562e69f4d5aa474ec50cb567e597f9b0ed has an unsupported file extension. Skipping.
2021-10-22 09:52:11,081 : ERROR : cache_files : .git/objects/17/49a06578f1114436e2f2a41323d7c1a57be3f7 has an unsupported file extension. Skipping.
2021-10-22 09:52:11,082 : ERROR : cache_files : .git/objects/8f/978e437bfd9ec2f74a764ec164837f8b386589 has an unsupported file extension. Skipping.
2021-10-22 09:52:11,082 : ERROR : cache_files : .git/objects/8f/45c2864615ca9f02b4f1501453096c2fda828e has an unsupported file extension. Skipping.
2021-10-22 09:52:11,082 : ERROR : cache_files : .git/objects/8a/fd6bcdd250adfcb1f74be08da2479b7f3f8aeb has an unsupported file extension. Skipping.
2021-10-22 09:52:11,082 : ERROR : cache_files : .git/objects/10/f7cdcd95e539a1b2aa635ccbe9c3e892c43bf5 has an unsupported file extension. Skipping.
2021-10-22 09:52:11,082 : ERROR : cache_files : .git/objects/10/250b8ea790a07a1645cf9d335ee0f2a9f201af has an unsupported file extension. Skipping.
2021-10-22 09:52:11,082 : ERROR : cache_files : .git/objects/19/12f3b874c5a9a60a8d400d4e28b3ee95d6c1f7 has an unsupported file extension. Skipping.
2021-10-22 09:52:11,082 : ERROR : cache_files : .git/objects/4c/7a821d1b0fb00a86a7a9d921daa181eaae9259 has an unsupported file extension. Skipping.
2021-10-22 09:52:11,082 : ERROR : cache_files : .git/objects/4c/fab7c24f627fd0080cbbf387d3c16572bcc06a has an unsupported file extension. Skipping.
2021-10-22 09:52:11,083 : ERROR : cache_files : .git/objects/21/c2dd306306138b06705fd6a1d6583ace61bb8c has an unsupported file extension. Skipping.
2021-10-22 09:52:11,083 : ERROR : cache_files : .git/objects/4d/0eea23674a5aaf0594678cb885ee6cbb8bb9b5 has an unsupported file extension. Skipping.
2021-10-22 09:52:11,083 : ERROR : cache_files : .git/objects/4d/b801db725e756714651c759e1916145d95b766 has an unsupported file extension. Skipping.
2021-10-22 09:52:11,083 : ERROR : cache_files : .git/objects/81/25e383c9870fdacdf89afe58e212b5c6bbc4cc has an unsupported file extension. Skipping.
2021-10-22 09:52:11,083 : ERROR : cache_files : .git/objects/72/70526b4f2b7c76a4783cdbfcc8108c070cd640 has an unsupported file extension. Skipping.
2021-10-22 09:52:11,084 : ERROR : cache_files : .git/objects/2a/05512698c686d42e010ac9988efa86d10cdd22 has an unsupported file extension. Skipping.
2021-10-22 09:52:11,084 : ERROR : cache_files : .git/objects/2f/a3610d6961b061ebdf54409b52ab2befae643f has an unsupported file extension. Skipping.
2021-10-22 09:52:11,084 : ERROR : cache_files : .git/objects/38/465e5ae301b3ddefabfe22b188c4fee52182c0 has an unsupported file extension. Skipping.
2021-10-22 09:52:11,084 : ERROR : cache_files : .git/objects/38/601b04d70bdd6701a845716de512509acf39cb has an unsupported file extension. Skipping.
2021-10-22 09:52:11,084 : ERROR : cache_files : .git/objects/00/85843379df705574e8a82fbb0a2ae0e380ff24 has an unsupported file extension. Skipping.
2021-10-22 09:52:11,084 : ERROR : cache_files : .git/objects/00/1919d84604aa128f619a70c4fa9e3335b17555 has an unsupported file extension. Skipping.
2021-10-22 09:52:11,084 : ERROR : cache_files : .git/objects/36/169b5455ad7aa91ca7ab61441e144cc90b8833 has an unsupported file extension. Skipping.
2021-10-22 09:52:11,085 : ERROR : cache_files : .git/objects/36/3de00e951cbf8511d07734a3a9217174f21205 has an unsupported file extension. Skipping.
2021-10-22 09:52:11,085 : ERROR : cache_files : .git/objects/36/dd5c1bf401bf8f8f484d1ec29801b0393dbfc7 has an unsupported file extension. Skipping.
2021-10-22 09:52:11,085 : ERROR : cache_files : .git/objects/36/90754b38ed314d58c7617d3faf002d109b4274 has an unsupported file extension. Skipping.
2021-10-22 09:52:11,085 : ERROR : cache_files : .git/objects/36/a7de36cc8eaf102da5b60290d3cce885268fe2 has an unsupported file extension. Skipping.
2021-10-22 09:52:11,085 : ERROR : cache_files : .git/objects/5c/1d431425cf65203197364f3b4d588c1e521dad has an unsupported file extension. Skipping.
2021-10-22 09:52:11,085 : ERROR : cache_files : .git/objects/5d/19346412f8beb4f874c7a374b7d00041ad2ea7 has an unsupported file extension. Skipping.
2021-10-22 09:52:11,085 : ERROR : cache_files : .git/objects/5d/17c3d33516bc26ae8a28de80b25ecbcb4f3e5a has an unsupported file extension. Skipping.
2021-10-22 09:52:11,085 : ERROR : cache_files : .git/objects/31/dcb2a7a202d42eda6d1146c062cd6b44380cfe has an unsupported file extension. Skipping.
2021-10-22 09:52:11,085 : ERROR : cache_files : .git/objects/65/6e9a028a2cda2f16b4ae4a37e79b80466eb686 has an unsupported file extension. Skipping.
2021-10-22 09:52:11,086 : ERROR : cache_files : .git/objects/62/953d8b47809523a40442762c0f097eeb756ffe has an unsupported file extension. Skipping.
2021-10-22 09:52:11,086 : ERROR : cache_files : .git/objects/96/826de784e0fdbbd4b7a2593e86586c88b8fd94 has an unsupported file extension. Skipping.
2021-10-22 09:52:11,086 : ERROR : cache_files : .git/objects/3a/7811b9031a2d116b71b61da2033b1a476a0478 has an unsupported file extension. Skipping.
2021-10-22 09:52:11,086 : ERROR : cache_files : .git/objects/98/1135305e39476d85dd47978a16e6f0e1650321 has an unsupported file extension. Skipping.
2021-10-22 09:52:11,086 : ERROR : cache_files : .git/objects/98/59dc55a6b368896360e1438a7e6e3c01cbeb07 has an unsupported file extension. Skipping.
2021-10-22 09:52:11,086 : ERROR : cache_files : .git/objects/30/40259415b4472f4f84005b516ca8a597b829b3 has an unsupported file extension. Skipping.
2021-10-22 09:52:11,086 : ERROR : cache_files : .git/objects/5b/323a418a2664db336859dd435afe5b244361a3 has an unsupported file extension. Skipping.
2021-10-22 09:52:11,087 : ERROR : cache_files : .git/objects/5b/cee42d9404e4dfb8534a7388929f091d25dc16 has an unsupported file extension. Skipping.
2021-10-22 09:52:11,087 : ERROR : cache_files : .git/objects/37/907333d1504d86f352e2c7da7523fa576994b1 has an unsupported file extension. Skipping.
2021-10-22 09:52:11,087 : ERROR : cache_files : .git/objects/08/6c4a712335c4eded3332f881081fc86c66ec1c has an unsupported file extension. Skipping.
2021-10-22 09:52:11,087 : ERROR : cache_files : .git/objects/08/c2f6f8e1b66810fb92c57a396673c28960d278 has an unsupported file extension. Skipping.
2021-10-22 09:52:11,087 : ERROR : cache_files : .git/objects/01/fb10fe0fc23d216af9b3530d1863a5fd0e9cc0 has an unsupported file extension. Skipping.
2021-10-22 09:52:11,087 : ERROR : cache_files : .git/objects/06/2114099eaaf6f41b94f7c246fdfe4a5a8ef824 has an unsupported file extension. Skipping.
2021-10-22 09:52:11,087 : ERROR : cache_files : .git/objects/39/80ca563a7e02134331f90a16d82938a684d92a has an unsupported file extension. Skipping.
2021-10-22 09:52:11,088 : ERROR : cache_files : .git/objects/55/fc7d09d6697eab1393d7fc791fd3840051d993 has an unsupported file extension. Skipping.
2021-10-22 09:52:11,088 : ERROR : cache_files : .git/objects/63/61381cc198c644ebc628dad157334992e2db9d has an unsupported file extension. Skipping.
2021-10-22 09:52:11,088 : ERROR : cache_files : .git/objects/0f/55a73ab7bafa826cce8a658a21a42c806e0bce has an unsupported file extension. Skipping.
2021-10-22 09:52:11,088 : ERROR : cache_files : .git/objects/0a/64ecf510a89e5865c995aa509030cd1833bbe0 has an unsupported file extension. Skipping.
2021-10-22 09:52:11,088 : ERROR : cache_files : .git/objects/0a/031dbac24752f6c6277ad01e6180f738dd45b4 has an unsupported file extension. Skipping.
2021-10-22 09:52:11,088 : ERROR : cache_files : .git/objects/0a/d7d265ca47b75778015220b116cfc695892af2 has an unsupported file extension. Skipping.
2021-10-22 09:52:11,088 : ERROR : cache_files : .git/objects/64/022267a30bc73444400a4311c452c94078fa9a has an unsupported file extension. Skipping.
2021-10-22 09:52:11,089 : ERROR : cache_files : .git/objects/d4/bd8576e8b25ec28279081e329c3d176817f0aa has an unsupported file extension. Skipping.
2021-10-22 09:52:11,089 : ERROR : cache_files : .git/objects/a0/a5931c32c215146d624522a2750352580718f9 has an unsupported file extension. Skipping.
2021-10-22 09:52:11,089 : ERROR : cache_files : .git/objects/a0/8c3eb0b087b70cfc34ea4ea99bffbc70cfde28 has an unsupported file extension. Skipping.
2021-10-22 09:52:11,089 : ERROR : cache_files : .git/objects/a7/dbdbed2982cbef4663f389c97d16c57946e7de has an unsupported file extension. Skipping.
2021-10-22 09:52:11,089 : ERROR : cache_files : .git/objects/dd/0f83806d80e05aef50c591e0258d3e6e30e984 has an unsupported file extension. Skipping.
2021-10-22 09:52:11,089 : ERROR : cache_files : .git/objects/b6/47ff515d52eaa28c05a245c357d3ad53a536d2 has an unsupported file extension. Skipping.
2021-10-22 09:52:11,089 : ERROR : cache_files : .git/objects/a9/a85b845293e1ad6855863980054f2d6ee28149 has an unsupported file extension. Skipping.
2021-10-22 09:52:11,089 : ERROR : cache_files : .git/objects/a9/3895d74ff841837fd0e43bb6dde254c909018c has an unsupported file extension. Skipping.
2021-10-22 09:52:11,090 : ERROR : cache_files : .git/objects/aa/4ba32a74ebc2358e1ce784a66d9885a44bb9bb has an unsupported file extension. Skipping.
2021-10-22 09:52:11,090 : ERROR : cache_files : .git/objects/af/0f07b7a5e340c6f298b6ed26ceafc272d68673 has an unsupported file extension. Skipping.
2021-10-22 09:52:11,090 : ERROR : cache_files : .git/objects/af/a676151fb7840c7bc34c72b3f15f10a1236901 has an unsupported file extension. Skipping.
2021-10-22 09:52:11,090 : ERROR : cache_files : .git/objects/de/508ff96fd2b9ff7f09329ec4ea3849332f4592 has an unsupported file extension. Skipping.
2021-10-22 09:52:11,090 : ERROR : cache_files : .git/objects/de/7af9c9ffa53f549eddfca613d7c679a7baec95 has an unsupported file extension. Skipping.
2021-10-22 09:52:11,090 : ERROR : cache_files : .git/objects/b0/3fa68cc1171749111968506bcec93abe0f37e0 has an unsupported file extension. Skipping.
2021-10-22 09:52:11,090 : ERROR : cache_files : .git/objects/b0/f8493984b91c92c6e7daf1d4e6090eed5e8ee6 has an unsupported file extension. Skipping.
2021-10-22 09:52:11,090 : ERROR : cache_files : .git/objects/c3/318f2d07a3d3f099ea88c503f2b8d861683b2c has an unsupported file extension. Skipping.
2021-10-22 09:52:11,091 : ERROR : cache_files : .git/objects/ea/cb5e43df14543d1b9e058886cb451f37777b0a has an unsupported file extension. Skipping.
2021-10-22 09:52:11,091 : ERROR : cache_files : .git/objects/ea/201f6997683a19ea51457639cbd51eeb7da940 has an unsupported file extension. Skipping.
2021-10-22 09:52:11,091 : ERROR : cache_files : .git/objects/cd/247e08e7271ee7495855fb87c2070116681932 has an unsupported file extension. Skipping.
2021-10-22 09:52:11,091 : ERROR : cache_files : .git/objects/cc/09f38fba6301987b4b7a70b7618aa63345ec55 has an unsupported file extension. Skipping.
2021-10-22 09:52:11,091 : ERROR : cache_files : .git/objects/e6/c12cfc70e867807bd22568a70da9194aed0d95 has an unsupported file extension. Skipping.
2021-10-22 09:52:11,091 : ERROR : cache_files : .git/objects/e6/9de29bb2d1d6434b8b29ae775ad8c2e48c5391 has an unsupported file extension. Skipping.
2021-10-22 09:52:11,091 : ERROR : cache_files : .git/objects/f9/50cbcc2ab20d590be302cc5e5ce3905e25b5da has an unsupported file extension. Skipping.
2021-10-22 09:52:11,091 : ERROR : cache_files : .git/objects/f0/703bc467ee2f22d6399712fa4fe94b6de231cf has an unsupported file extension. Skipping.
2021-10-22 09:52:11,091 : ERROR : cache_files : .git/objects/f7/a03e32521ad374dfbafc7b6bb91292d3cbdf55 has an unsupported file extension. Skipping.
2021-10-22 09:52:11,092 : ERROR : cache_files : .git/objects/f7/fab8586e1b289547ad2779507faa082d3998a8 has an unsupported file extension. Skipping.
2021-10-22 09:52:11,092 : ERROR : cache_files : .git/objects/f7/b40c85855beca78cb642ad4acaada0d8a68212 has an unsupported file extension. Skipping.
2021-10-22 09:52:11,092 : ERROR : cache_files : .git/objects/fa/cd3357db87d1d987d15748fea167f0904490bb has an unsupported file extension. Skipping.
2021-10-22 09:52:11,092 : ERROR : cache_files : .git/objects/c5/5359b02d5fbeb380ef15d828c879d97f21f123 has an unsupported file extension. Skipping.
2021-10-22 09:52:11,092 : ERROR : cache_files : .git/objects/c2/d508f38cd55bd049d2fcb1b1b9babbc9e451fc has an unsupported file extension. Skipping.
2021-10-22 09:52:11,092 : ERROR : cache_files : .git/objects/e9/51952480f442398ea88041692fb7205f8b3f94 has an unsupported file extension. Skipping.
2021-10-22 09:52:11,092 : ERROR : cache_files : .git/objects/f1/7a5cc8c76ee9468d56bf00b73e99e6ea9f05ad has an unsupported file extension. Skipping.
2021-10-22 09:52:11,092 : ERROR : cache_files : .git/objects/e7/2c160399f8b9a1f2b3f497f205ca2249efbbfa has an unsupported file extension. Skipping.
2021-10-22 09:52:11,093 : ERROR : cache_files : .git/objects/e7/ab1c1116083a07535cb5bceb9dc494b9e25fc6 has an unsupported file extension. Skipping.
2021-10-22 09:52:11,093 : ERROR : cache_files : .git/objects/e0/0dd8a65c1c25bc19486f2fee585ca718d99441 has an unsupported file extension. Skipping.
2021-10-22 09:52:11,093 : ERROR : cache_files : .git/objects/46/90cd1207549a6757ca125ca63a5050bcd80fe2 has an unsupported file extension. Skipping.
2021-10-22 09:52:11,093 : ERROR : cache_files : .git/objects/2d/d7fdec63959601998e9674f1cfa8a306e3d6a8 has an unsupported file extension. Skipping.
2021-10-22 09:52:11,093 : ERROR : cache_files : .git/objects/2d/66b19535a104fc0bfc5a5e3cba545a83ce49c5 has an unsupported file extension. Skipping.
2021-10-22 09:52:11,093 : ERROR : cache_files : .git/objects/83/9528cca03223e0ffa395073755a7cfb93917be has an unsupported file extension. Skipping.
2021-10-22 09:52:11,093 : ERROR : cache_files : .git/objects/83/feb2240df8ee39ea84ba3a46889a545098aa61 has an unsupported file extension. Skipping.
2021-10-22 09:52:11,093 : ERROR : cache_files : .git/objects/1b/e42d6270cbeca0eb02c17784c9735af8941b1a has an unsupported file extension. Skipping.
2021-10-22 09:52:11,093 : ERROR : cache_files : .git/objects/70/947e2aea804fa14bee23c1d689176e79dc7696 has an unsupported file extension. Skipping.
2021-10-22 09:52:11,094 : ERROR : cache_files : .git/objects/70/a8dfde1f7337d9b8310ac70a4e0bace1b72b17 has an unsupported file extension. Skipping.
2021-10-22 09:52:11,094 : ERROR : cache_files : .git/objects/84/f56612f1a27cb61eff36a7ae198c6a185c30e1 has an unsupported file extension. Skipping.
2021-10-22 09:52:11,094 : ERROR : cache_files : .git/objects/84/51146fe0abdf3eef8a2d0be1e341c44c2cf9a2 has an unsupported file extension. Skipping.
2021-10-22 09:52:11,094 : ERROR : cache_files : .git/objects/84/547a5d77022efb22f0704225c249fed4c863cc has an unsupported file extension. Skipping.
2021-10-22 09:52:11,094 : ERROR : cache_files : .git/objects/24/89545b4a63efce440658faf6b48f5dca12c58a has an unsupported file extension. Skipping.
2021-10-22 09:52:11,094 : ERROR : cache_files : .git/objects/4f/4cc45a095611e189c86c536cedae2f24f9de6b has an unsupported file extension. Skipping.
2021-10-22 09:52:11,094 : ERROR : cache_files : .git/objects/4f/5aa88f3b17b6fff43e3cfb9d8db5d4113f3b9f has an unsupported file extension. Skipping.
2021-10-22 09:52:11,094 : ERROR : cache_files : .git/objects/85/8f4497af1515e1c5cba67bce6d350e98342790 has an unsupported file extension. Skipping.
2021-10-22 09:52:11,094 : ERROR : cache_files : .git/objects/1d/67f6c24d0ff5a081e7cea053161b846ced771e has an unsupported file extension. Skipping.
2021-10-22 09:52:11,095 : ERROR : cache_files : .git/objects/76/b593d5b329266b0765e4a4f8c2f59bb310e108 has an unsupported file extension. Skipping.
2021-10-22 09:52:11,095 : ERROR : cache_files : .git/objects/2e/26463ed7a10912c8a543907776e53f0c29a033 has an unsupported file extension. Skipping.
2021-10-22 09:52:11,095 : ERROR : cache_files : .git/objects/78/9cfd5d3acb81bef1ca7746c5e9962a00ae035f has an unsupported file extension. Skipping.
2021-10-22 09:52:11,095 : ERROR : cache_files : .git/objects/8b/df9432fb46452adc8984851ee76e773a0ec091 has an unsupported file extension. Skipping.
2021-10-22 09:52:11,095 : ERROR : cache_files : .git/objects/8b/381804ae5a7ec9ce9bfd366456449a24ba80f5 has an unsupported file extension. Skipping.
2021-10-22 09:52:11,095 : ERROR : cache_files : .git/objects/13/804eee83235ffa0649f3f3dd4b3d2cf44982c1 has an unsupported file extension. Skipping.
2021-10-22 09:52:11,095 : ERROR : cache_files : .git/objects/13/0bbb2b09560f3f8995590d1a473a059243d363 has an unsupported file extension. Skipping.
2021-10-22 09:52:11,095 : ERROR : cache_files : .git/objects/7a/e11132838cd30b93e8b7f373544c71f742561a has an unsupported file extension. Skipping.
2021-10-22 09:52:11,096 : ERROR : cache_files : .git/objects/14/93931079bf41571cc1cfc8cc7c9aab919d4a77 has an unsupported file extension. Skipping.
2021-10-22 09:52:11,096 : ERROR : cache_files : .git/objects/22/71a97359abb7e673cba5723a01103b53c0f958 has an unsupported file extension. Skipping.
2021-10-22 09:52:11,096 : ERROR : cache_files : .git/info/exclude has an unsupported file extension. Skipping.
2021-10-22 09:52:11,096 : ERROR : cache_files : .git/logs/HEAD has an unsupported file extension. Skipping.
2021-10-22 09:52:11,096 : ERROR : cache_files : .git/logs/refs/heads/main has an unsupported file extension. Skipping.
2021-10-22 09:52:11,096 : ERROR : cache_files : .git/logs/refs/remotes/origin/main has an unsupported file extension. Skipping.
2021-10-22 09:52:11,096 : ERROR : cache_files : .git/hooks/commit-msg.sample has an unsupported file extension. Skipping.
2021-10-22 09:52:11,097 : ERROR : cache_files : .git/hooks/pre-rebase.sample has an unsupported file extension. Skipping.
2021-10-22 09:52:11,097 : ERROR : cache_files : .git/hooks/pre-commit.sample has an unsupported file extension. Skipping.
2021-10-22 09:52:11,097 : ERROR : cache_files : .git/hooks/applypatch-msg.sample has an unsupported file extension. Skipping.
2021-10-22 09:52:11,097 : ERROR : cache_files : .git/hooks/fsmonitor-watchman.sample has an unsupported file extension. Skipping.
2021-10-22 09:52:11,097 : ERROR : cache_files : .git/hooks/pre-receive.sample has an unsupported file extension. Skipping.
2021-10-22 09:52:11,097 : ERROR : cache_files : .git/hooks/prepare-commit-msg.sample has an unsupported file extension. Skipping.
2021-10-22 09:52:11,097 : ERROR : cache_files : .git/hooks/post-update.sample has an unsupported file extension. Skipping.
2021-10-22 09:52:11,097 : ERROR : cache_files : .git/hooks/pre-merge-commit.sample has an unsupported file extension. Skipping.
2021-10-22 09:52:11,097 : ERROR : cache_files : .git/hooks/pre-applypatch.sample has an unsupported file extension. Skipping.
2021-10-22 09:52:11,097 : ERROR : cache_files : .git/hooks/pre-push.sample has an unsupported file extension. Skipping.
2021-10-22 09:52:11,097 : ERROR : cache_files : .git/hooks/update.sample has an unsupported file extension. Skipping.
2021-10-22 09:52:11,097 : ERROR : cache_files : .git/hooks/push-to-checkout.sample has an unsupported file extension. Skipping.
2021-10-22 09:52:11,098 : ERROR : cache_files : .git/refs/heads/main has an unsupported file extension. Skipping.
2021-10-22 09:52:11,098 : ERROR : cache_files : .git/refs/remotes/origin/main has an unsupported file extension. Skipping.
2021-10-22 09:52:11,098 : ERROR : cache_files : .vscode/settings.json has an unsupported file extension. Skipping.
2021-10-22 09:52:11,111 : ERROR : cache_files : assets/.DS_Store has an unsupported file extension. Skipping.
2021-10-22 09:52:11,410 : INFO : iGEM_URL : css/bootstrap.min.css was changed to https://2021.igem.org/Template:CUHKSZ/css/bootstrap-minCSS?action=raw&ctype=text/css in index.html.
2021-10-22 09:52:11,411 : INFO : iGEM_URL : css/fontawesome.all.css was changed to https://2021.igem.org/Template:CUHKSZ/css/fontawesome-allCSS?action=raw&ctype=text/css in index.html.
2021-10-22 09:52:11,411 : INFO : iGEM_URL : css/main.css was changed to https://2021.igem.org/Template:CUHKSZ/css/mainCSS?action=raw&ctype=text/css in index.html.
2021-10-22 09:52:11,411 : INFO : iGEM_URL : css/igem.fit.css was changed to https://2021.igem.org/Template:CUHKSZ/css/igem-fitCSS?action=raw&ctype=text/css in index.html.
2021-10-22 09:52:11,412 : INFO : iGEM_URL : /js/jquery-3.3.1.slim.min.js was changed to https://2021.igem.org/Template:CUHKSZ/js/jquery-3-3-1-slim-minJS?action=raw&ctype=text/javascript in index.html.
2021-10-22 09:52:11,413 : INFO : iGEM_URL : /js/popper.min.js was changed to https://2021.igem.org/Template:CUHKSZ/js/popper-minJS?action=raw&ctype=text/javascript in index.html.
2021-10-22 09:52:11,413 : INFO : iGEM_URL : /js/bootstrap.min.js was changed to https://2021.igem.org/Template:CUHKSZ/js/bootstrap-minJS?action=raw&ctype=text/javascript in index.html.
2021-10-22 09:52:11,413 : INFO : iGEM_URL : /js/scrollreveal.js was changed to https://2021.igem.org/Template:CUHKSZ/js/scrollrevealJS?action=raw&ctype=text/javascript in index.html.
2021-10-22 09:52:11,414 : INFO : iGEM_URL : /pages/team was changed to https://2021.igem.org/Team:CUHKSZ/pages/team in index.html.
2021-10-22 09:52:11,415 : WARNING : iGEM_URL : pages/team/#members/index.html is referenced in index.html but was not found.
2021-10-22 09:52:11,415 : INFO : iGEM_URL : /pages/team/#members was changed to https://2021.igem.org/Team:CUHKSZ/pages/team/#members in index.html.
2021-10-22 09:52:11,415 : INFO : iGEM_URL : /Attribution was changed to https://2021.igem.org/Team:CUHKSZ/Attribution in index.html.
2021-10-22 09:52:11,415 : WARNING : iGEM_URL : Attribution/#special-thanks/index.html is referenced in index.html but was not found.
2021-10-22 09:52:11,416 : INFO : iGEM_URL : /Attribution/#special-thanks was changed to https://2021.igem.org/Team:CUHKSZ/Attribution/#special-thanks in index.html.
2021-10-22 09:52:11,416 : INFO : iGEM_URL : /Description was changed to https://2021.igem.org/Team:CUHKSZ/Description in index.html.
2021-10-22 09:52:11,416 : INFO : iGEM_URL : /Description was changed to https://2021.igem.org/Team:CUHKSZ/Description in index.html.
2021-10-22 09:52:11,417 : INFO : iGEM_URL : /pages/design was changed to https://2021.igem.org/Team:CUHKSZ/pages/design in index.html.
2021-10-22 09:52:11,417 : INFO : iGEM_URL : /pages/wet-lab was changed to https://2021.igem.org/Team:CUHKSZ/pages/wet-lab in index.html.
2021-10-22 09:52:11,417 : INFO : iGEM_URL : /pages/dry-lab was changed to https://2021.igem.org/Team:CUHKSZ/pages/dry-lab in index.html.
2021-10-22 09:52:11,417 : INFO : iGEM_URL : /pages/material-engineering was changed to https://2021.igem.org/Team:CUHKSZ/pages/material-engineering in index.html.
2021-10-22 09:52:11,417 : INFO : iGEM_URL : /Contribution was changed to https://2021.igem.org/Team:CUHKSZ/Contribution in index.html.
2021-10-22 09:52:11,418 : INFO : iGEM_URL : /pages/safety was changed to https://2021.igem.org/Team:CUHKSZ/pages/safety in index.html.
2021-10-22 09:52:11,418 : INFO : iGEM_URL : /pages/safety was changed to https://2021.igem.org/Team:CUHKSZ/pages/safety in index.html.
2021-10-22 09:52:11,418 : INFO : iGEM_URL : /pages/protocol was changed to https://2021.igem.org/Team:CUHKSZ/pages/protocol in index.html.
2021-10-22 09:52:11,418 : WARNING : iGEM_URL : pages/human-practice/#collaboration/index.html is referenced in index.html but was not found.
2021-10-22 09:52:11,418 : INFO : iGEM_URL : /pages/human-practice/#collaboration was changed to https://2021.igem.org/Team:CUHKSZ/pages/human-practice/#collaboration in index.html.
2021-10-22 09:52:11,419 : WARNING : iGEM_URL : pages/human-practice/#collaboration/index.html is referenced in index.html but was not found.
2021-10-22 09:52:11,419 : INFO : iGEM_URL : /pages/human-practice/#collaboration was changed to https://2021.igem.org/Team:CUHKSZ/pages/human-practice/#collaboration in index.html.
2021-10-22 09:52:11,419 : WARNING : iGEM_URL : pages/human-practice/#community-engagement/index.html is referenced in index.html but was not found.
2021-10-22 09:52:11,419 : INFO : iGEM_URL : /pages/human-practice/#community-engagement was changed to https://2021.igem.org/Team:CUHKSZ/pages/human-practice/#community-engagement in index.html.
2021-10-22 09:52:11,419 : INFO : iGEM_URL : /pages/design was changed to https://2021.igem.org/Team:CUHKSZ/pages/design in index.html.
2021-10-22 09:52:11,423 : INFO : iGEM_URL : /assets/logo.png was changed to https://2021.igem.org/wiki/images/f/f9/T--CUHKSZ--logo.png in index.html.
2021-10-22 09:52:11,424 : INFO : iGEM_URL : /assets/image1.png was changed to https://2021.igem.org/wiki/images/7/7c/T--CUHKSZ--image1.png in index.html.
2021-10-22 09:52:11,424 : INFO : iGEM_URL : /assets/image3.png was changed to https://2021.igem.org/wiki/images/b/b0/T--CUHKSZ--image3.png in index.html.
2021-10-22 09:52:11,424 : INFO : iGEM_URL : /assets/image5.png was changed to https://2021.igem.org/wiki/images/5/5e/T--CUHKSZ--image5.png in index.html.
2021-10-22 09:52:11,424 : INFO : iGEM_URL : /assets/email.png was changed to https://2021.igem.org/wiki/images/c/cd/T--CUHKSZ--email.png in index.html.
2021-10-22 09:52:11,424 : INFO : iGEM_URL : /assets/qrcode.jpeg was changed to https://2021.igem.org/wiki/images/a/a2/T--CUHKSZ--qrcode.jpeg in index.html.
2021-10-22 09:52:11,424 : INFO : iGEM_URL : /assets/university.png was changed to https://2021.igem.org/wiki/images/9/9b/T--CUHKSZ--university.png in index.html.
2021-10-22 09:52:11,425 : INFO : iGEM_URL : /assets/lhs.jpeg was changed to https://2021.igem.org/wiki/images/c/ce/T--CUHKSZ--lhs.jpeg in index.html.
2021-10-22 09:52:11,430 : INFO : iGEM_URL : /assets/poster.png was changed to https://2021.igem.org/wiki/images/6/60/T--CUHKSZ--poster.png in index.html.
2021-10-22 09:52:11,431 : INFO : iGEM_URL : /assets/video.mp4 was changed to https://2021.igem.org/wiki/images/d/de/T--CUHKSZ--video.mp4 in index.html.
2021-10-22 09:52:18,441 : INFO : iGEM_upload_page : Uploaded to https://2021.igem.org/wiki/index.php?title=Team:CUHKSZ&action=edit.
2021-10-22 09:52:18,453 : INFO : iGEM_URL : /css/bootstrap.min.css was changed to https://2021.igem.org/Template:CUHKSZ/css/bootstrap-minCSS?action=raw&ctype=text/css in Description/index.html.
2021-10-22 09:52:18,454 : INFO : iGEM_URL : /css/fontawesome.all.css was changed to https://2021.igem.org/Template:CUHKSZ/css/fontawesome-allCSS?action=raw&ctype=text/css in Description/index.html.
2021-10-22 09:52:18,454 : INFO : iGEM_URL : /css/main.css was changed to https://2021.igem.org/Template:CUHKSZ/css/mainCSS?action=raw&ctype=text/css in Description/index.html.
2021-10-22 09:52:18,454 : INFO : iGEM_URL : /css/igem.fit.css was changed to https://2021.igem.org/Template:CUHKSZ/css/igem-fitCSS?action=raw&ctype=text/css in Description/index.html.
2021-10-22 09:52:18,454 : INFO : iGEM_URL : ./design.css was changed to https://2021.igem.org/Template:CUHKSZ/Description/designCSS?action=raw&ctype=text/css in Description/index.html.
2021-10-22 09:52:18,455 : INFO : iGEM_URL : /js/jquery-3.3.1.slim.min.js was changed to https://2021.igem.org/Template:CUHKSZ/js/jquery-3-3-1-slim-minJS?action=raw&ctype=text/javascript in Description/index.html.
2021-10-22 09:52:18,455 : INFO : iGEM_URL : /js/popper.min.js was changed to https://2021.igem.org/Template:CUHKSZ/js/popper-minJS?action=raw&ctype=text/javascript in Description/index.html.
2021-10-22 09:52:18,455 : INFO : iGEM_URL : /js/bootstrap.min.js was changed to https://2021.igem.org/Template:CUHKSZ/js/bootstrap-minJS?action=raw&ctype=text/javascript in Description/index.html.
2021-10-22 09:52:18,455 : INFO : iGEM_URL : /js/scrollreveal.js was changed to https://2021.igem.org/Template:CUHKSZ/js/scrollrevealJS?action=raw&ctype=text/javascript in Description/index.html.
2021-10-22 09:52:18,456 : INFO : iGEM_URL : /pages/team was changed to https://2021.igem.org/Team:CUHKSZ/pages/team in Description/index.html.
2021-10-22 09:52:18,456 : WARNING : iGEM_URL : pages/team/#members/index.html is referenced in Description/index.html but was not found.
2021-10-22 09:52:18,456 : INFO : iGEM_URL : /pages/team/#members was changed to https://2021.igem.org/Team:CUHKSZ/pages/team/#members in Description/index.html.
2021-10-22 09:52:18,457 : INFO : iGEM_URL : /Attribution was changed to https://2021.igem.org/Team:CUHKSZ/Attribution in Description/index.html.
2021-10-22 09:52:18,457 : WARNING : iGEM_URL : Attribution/#special-thanks/index.html is referenced in Description/index.html but was not found.
2021-10-22 09:52:18,457 : INFO : iGEM_URL : /Attribution/#special-thanks was changed to https://2021.igem.org/Team:CUHKSZ/Attribution/#special-thanks in Description/index.html.
2021-10-22 09:52:18,458 : INFO : iGEM_URL : /Description was changed to https://2021.igem.org/Team:CUHKSZ/Description in Description/index.html.
2021-10-22 09:52:18,458 : INFO : iGEM_URL : /Description was changed to https://2021.igem.org/Team:CUHKSZ/Description in Description/index.html.
2021-10-22 09:52:18,458 : INFO : iGEM_URL : /pages/design was changed to https://2021.igem.org/Team:CUHKSZ/pages/design in Description/index.html.
2021-10-22 09:52:18,458 : INFO : iGEM_URL : /pages/wet-lab was changed to https://2021.igem.org/Team:CUHKSZ/pages/wet-lab in Description/index.html.
2021-10-22 09:52:18,458 : INFO : iGEM_URL : /pages/dry-lab was changed to https://2021.igem.org/Team:CUHKSZ/pages/dry-lab in Description/index.html.
2021-10-22 09:52:18,459 : INFO : iGEM_URL : /pages/material-engineering was changed to https://2021.igem.org/Team:CUHKSZ/pages/material-engineering in Description/index.html.
2021-10-22 09:52:18,459 : INFO : iGEM_URL : /Contribution was changed to https://2021.igem.org/Team:CUHKSZ/Contribution in Description/index.html.
2021-10-22 09:52:18,459 : INFO : iGEM_URL : /pages/safety was changed to https://2021.igem.org/Team:CUHKSZ/pages/safety in Description/index.html.
2021-10-22 09:52:18,459 : INFO : iGEM_URL : /pages/safety was changed to https://2021.igem.org/Team:CUHKSZ/pages/safety in Description/index.html.
2021-10-22 09:52:18,459 : INFO : iGEM_URL : /pages/protocol was changed to https://2021.igem.org/Team:CUHKSZ/pages/protocol in Description/index.html.
2021-10-22 09:52:18,460 : WARNING : iGEM_URL : pages/human-practice/#collaboration/index.html is referenced in Description/index.html but was not found.
2021-10-22 09:52:18,460 : INFO : iGEM_URL : /pages/human-practice/#collaboration was changed to https://2021.igem.org/Team:CUHKSZ/pages/human-practice/#collaboration in Description/index.html.
2021-10-22 09:52:18,460 : WARNING : iGEM_URL : pages/human-practice/#collaboration/index.html is referenced in Description/index.html but was not found.
2021-10-22 09:52:18,460 : INFO : iGEM_URL : /pages/human-practice/#collaboration was changed to https://2021.igem.org/Team:CUHKSZ/pages/human-practice/#collaboration in Description/index.html.
2021-10-22 09:52:18,460 : WARNING : iGEM_URL : pages/human-practice/#community-engagement/index.html is referenced in Description/index.html but was not found.
2021-10-22 09:52:18,461 : INFO : iGEM_URL : /pages/human-practice/#community-engagement was changed to https://2021.igem.org/Team:CUHKSZ/pages/human-practice/#community-engagement in Description/index.html.
2021-10-22 09:52:18,464 : INFO : iGEM_URL : /assets/logo.png was changed to https://2021.igem.org/wiki/images/f/f9/T--CUHKSZ--logo.png in Description/index.html.
2021-10-22 09:52:18,464 : INFO : iGEM_URL : /assets/email.png was changed to https://2021.igem.org/wiki/images/c/cd/T--CUHKSZ--email.png in Description/index.html.
2021-10-22 09:52:18,464 : INFO : iGEM_URL : /assets/qrcode.jpeg was changed to https://2021.igem.org/wiki/images/a/a2/T--CUHKSZ--qrcode.jpeg in Description/index.html.
2021-10-22 09:52:18,464 : INFO : iGEM_URL : /assets/university.png was changed to https://2021.igem.org/wiki/images/9/9b/T--CUHKSZ--university.png in Description/index.html.
2021-10-22 09:52:18,464 : INFO : iGEM_URL : /assets/lhs.jpeg was changed to https://2021.igem.org/wiki/images/c/ce/T--CUHKSZ--lhs.jpeg in Description/index.html.
2021-10-22 09:52:27,795 : INFO : iGEM_upload_page : Uploaded to https://2021.igem.org/wiki/index.php?title=Team:CUHKSZ/Description&action=edit.
2021-10-22 09:52:35,287 : INFO : iGEM_upload_page : Uploaded to https://2021.igem.org/wiki/index.php?title=Team:CUHKSZ/.wikisync_temp&action=edit.
2021-10-22 09:52:40,886 : INFO : iGEM_upload_page : Uploaded to https://2021.igem.org/wiki/index.php?title=Team:CUHKSZ/.wikisync_temp/Attribution&action=edit.
2021-10-22 09:52:46,948 : INFO : iGEM_upload_page : Uploaded to https://2021.igem.org/wiki/index.php?title=Team:CUHKSZ/.wikisync_temp/Contribution&action=edit.
2021-10-22 09:52:57,763 : INFO : iGEM_upload_page : Uploaded to https://2021.igem.org/wiki/index.php?title=Team:CUHKSZ/.wikisync_temp/pages/design&action=edit.
2021-10-22 09:53:03,831 : INFO : iGEM_upload_page : Uploaded to https://2021.igem.org/wiki/index.php?title=Team:CUHKSZ/.wikisync_temp/pages/material-engineering&action=edit.
